<?xml version="1.0" encoding="UTF-8"?>
<!-- Generated by org.testng.reporters.JUnitReportReporter -->
<testsuite hostname="DESKTOP-S7QFVPD" failures="0" tests="4" name="Step_Definition.Runner" time="48.751" errors="0" timestamp="2024-02-21T12:22:10 IST" skipped="0">
  <testcase classname="Step_Definition.Runner" name="runScenario" time="11.421"/>
  <system-out/>
  <testcase classname="Step_Definition.Runner" name="runScenario" time="16.726"/>
  <system-out/>
  <testcase classname="Step_Definition.Runner" name="runScenario" time="10.273"/>
  <system-out/>
  <testcase classname="Step_Definition.Runner" name="runScenario" time="10.331"/>
  <system-out/>
</testsuite> <!-- Step_Definition.Runner -->
